<?xml version="1.0" encoding="UTF-8"?>
<!-- Generated by org.testng.reporters.JUnitXMLReporter -->
<testsuite ignored="0" hostname="TAchalla20" failures="1" tests="1" name="SIT Smoke Test" time="272.58" errors="0" timestamp="2022-07-23T20:25:46 IST">
  <testcase classname="com.OIPA_Project.TestCases.TC_NonSuperEapp_03" name="NonSuperEapp" time="262.492">
    <failure type="java.lang.AssertionError" message="expected [true] but found [false]">
      <![CDATA[java.lang.AssertionError: expected [true] but found [false]
at com.OIPA_Project.TestCases.TC_NonSuperEapp_03.NonSuperEapp(TC_NonSuperEapp_03.java:191)
at java.base/java.util.ArrayList.forEach(ArrayList.java:1511)
... Removed 31 stack frames]]>
    </failure>
  </testcase> <!-- NonSuperEapp -->
</testsuite> <!-- SIT Smoke Test -->
