<?xml version="1.0" encoding="UTF-8"?>
<testng-results ignored="0" total="1" passed="1" failed="0" skipped="0">
  <reporter-output>
  </reporter-output>
  <suite started-at="2022-07-21T21:17:50 IST" name="OIPA_Project" finished-at="2022-07-21T21:21:31 IST" duration-ms="221082">
    <groups>
    </groups>
    <test started-at="2022-07-21T21:17:50 IST" name="SIT Smoke Test" finished-at="2022-07-21T21:21:31 IST" duration-ms="221082">
      <class name="com.OIPA_Project.TestCases.TC_NonSuperEapp_03">
        <test-method is-config="true" signature="setup(java.lang.String)[pri:0, instance:com.OIPA_Project.TestCases.TC_NonSuperEapp_03@d9345cd]" started-at="2022-07-21T21:17:50 IST" name="setup" finished-at="2022-07-21T21:17:59 IST" duration-ms="9030" status="PASS">
          <params>
            <param index="0">
              <value>
                <![CDATA[Chrome]]>
              </value>
            </param>
          </params>
          <reporter-output>
          </reporter-output>
        </test-method> <!-- setup -->
        <test-method signature="NonSuperEapp()[pri:0, instance:com.OIPA_Project.TestCases.TC_NonSuperEapp_03@d9345cd]" started-at="2022-07-21T21:17:59 IST" name="NonSuperEapp" finished-at="2022-07-21T21:21:30 IST" duration-ms="211627" status="PASS">
          <reporter-output>
          </reporter-output>
        </test-method> <!-- NonSuperEapp -->
        <test-method is-config="true" signature="teardown()[pri:0, instance:com.OIPA_Project.TestCases.TC_NonSuperEapp_03@d9345cd]" started-at="2022-07-21T21:21:30 IST" name="teardown" finished-at="2022-07-21T21:21:31 IST" duration-ms="240" status="PASS">
          <reporter-output>
          </reporter-output>
        </test-method> <!-- teardown -->
      </class> <!-- com.OIPA_Project.TestCases.TC_NonSuperEapp_03 -->
    </test> <!-- SIT Smoke Test -->
  </suite> <!-- OIPA_Project -->
</testng-results>
